[    0.000000] Initializing cgroup subsys cpuset
[    0.000000] Initializing cgroup subsys cpu
[    0.000000] Initializing cgroup subsys cpuacct
[    0.000000] Linux version 4.4.0-146-generic (buildd@lcy01-amd64-025) (gcc version 5.4.0 20160609 (Ubuntu 5.4.0-6ubuntu1~16.04.10) ) #172-Ubuntu SMP Wed Apr 3 09:00:08 UTC 2019 (Ubuntu 4.4.0-146.172-generic 4.4.177)
[    0.000000] Command line: BOOT_IMAGE=/boot/vmlinuz-4.4.0-146-generic root=LABEL=cloudimg-rootfs ro console=tty1 console=ttyS0
[    0.000000] KERNEL supported cpus:
[    0.000000]   Intel GenuineIntel
[    0.000000]   AMD AuthenticAMD
[    0.000000]   Centaur CentaurHauls
[    0.000000] x86/fpu: xstate_offset[2]:  576, xstate_sizes[2]:  256
[    0.000000] x86/fpu: Supporting XSAVE feature 0x01: 'x87 floating point registers'
[    0.000000] x86/fpu: Supporting XSAVE feature 0x02: 'SSE registers'
[    0.000000] x86/fpu: Supporting XSAVE feature 0x04: 'AVX registers'
[    0.000000] x86/fpu: Enabled xstate features 0x7, context size is 832 bytes, using 'standard' format.
[    0.000000] e820: BIOS-provided physical RAM map:
[    0.000000] BIOS-e820: [mem 0x0000000000000000-0x000000000009fbff] usable
[    0.000000] BIOS-e820: [mem 0x000000000009fc00-0x000000000009ffff] reserved
[    0.000000] BIOS-e820: [mem 0x00000000000f0000-0x00000000000fffff] reserved
[    0.000000] BIOS-e820: [mem 0x0000000000100000-0x000000003ffeffff] usable
[    0.000000] BIOS-e820: [mem 0x000000003fff0000-0x000000003fffffff] ACPI data
[    0.000000] BIOS-e820: [mem 0x00000000fec00000-0x00000000fec00fff] reserved
[    0.000000] BIOS-e820: [mem 0x00000000fee00000-0x00000000fee00fff] reserved
[    0.000000] BIOS-e820: [mem 0x00000000fffc0000-0x00000000ffffffff] reserved
[    0.000000] NX (Execute Disable) protection: active
[    0.000000] SMBIOS 2.5 present.
[    0.000000] Hypervisor detected: KVM
[    0.000000] e820: last_pfn = 0x3fff0 max_arch_pfn = 0x400000000
[    0.000000] MTRR: Disabled
[    0.000000] x86/PAT: MTRRs disabled, skipping PAT initialization too.
[    0.000000] CPU MTRRs all blank - virtualized system.
[    0.000000] x86/PAT: Configuration [0-7]: WB  WT  UC- UC  WB  WT  UC- UC  
[    0.000000] found SMP MP-table at [mem 0x0009fff0-0x0009ffff] mapped at [ffff88000009fff0]
[    0.000000] Scanning 1 areas for low memory corruption
[    0.000000] RAMDISK: [mem 0x362fc000-0x37175fff]
[    0.000000] ACPI: Early table checksum verification disabled
[    0.000000] ACPI: RSDP 0x00000000000E0000 000024 (v02 VBOX  )
[    0.000000] ACPI: XSDT 0x000000003FFF0030 00003C (v01 VBOX   VBOXXSDT 00000001 ASL  00000061)
[    0.000000] ACPI: FACP 0x000000003FFF00F0 0000F4 (v04 VBOX   VBOXFACP 00000001 ASL  00000061)
[    0.000000] ACPI: DSDT 0x000000003FFF0470 0022EA (v02 VBOX   VBOXBIOS 00000002 INTL 20160108)
[    0.000000] ACPI: FACS 0x000000003FFF0200 000040
[    0.000000] ACPI: FACS 0x000000003FFF0200 000040
[    0.000000] ACPI: APIC 0x000000003FFF0240 000054 (v02 VBOX   VBOXAPIC 00000001 ASL  00000061)
[    0.000000] ACPI: SSDT 0x000000003FFF02A0 0001CC (v01 VBOX   VBOXCPUT 00000002 INTL 20160108)
[    0.000000] No NUMA configuration found
[    0.000000] Faking a node at [mem 0x0000000000000000-0x000000003ffeffff]
[    0.000000] NODE_DATA(0) allocated [mem 0x3ffeb000-0x3ffeffff]
[    0.000000] kvm-clock: Using msrs 4b564d01 and 4b564d00
[    0.000000] kvm-clock: cpu 0, msr 0:3ffe3001, primary cpu clock
[    0.000000] kvm-clock: using sched offset of 3098529723 cycles
[    0.000000] clocksource: kvm-clock: mask: 0xffffffffffffffff max_cycles: 0x1cd42e4dffb, max_idle_ns: 881590591483 ns
[    0.000000] Zone ranges:
[    0.000000]   DMA      [mem 0x0000000000001000-0x0000000000ffffff]
[    0.000000]   DMA32    [mem 0x0000000001000000-0x000000003ffeffff]
[    0.000000]   Normal   empty
[    0.000000]   Device   empty
[    0.000000] Movable zone start for each node
[    0.000000] Early memory node ranges
[    0.000000]   node   0: [mem 0x0000000000001000-0x000000000009efff]
[    0.000000]   node   0: [mem 0x0000000000100000-0x000000003ffeffff]
[    0.000000] Initmem setup node 0 [mem 0x0000000000001000-0x000000003ffeffff]
[    0.000000] ACPI: PM-Timer IO Port: 0x4008
[    0.000000] IOAPIC[0]: apic_id 1, version 32, address 0xfec00000, GSI 0-23
[    0.000000] ACPI: INT_SRC_OVR (bus 0 bus_irq 0 global_irq 2 dfl dfl)
[    0.000000] ACPI: INT_SRC_OVR (bus 0 bus_irq 9 global_irq 9 low level)
[    0.000000] Using ACPI (MADT) for SMP configuration information
[    0.000000] smpboot: Allowing 1 CPUs, 0 hotplug CPUs
[    0.000000] PM: Registered nosave memory: [mem 0x00000000-0x00000fff]
[    0.000000] PM: Registered nosave memory: [mem 0x0009f000-0x0009ffff]
[    0.000000] PM: Registered nosave memory: [mem 0x000a0000-0x000effff]
[    0.000000] PM: Registered nosave memory: [mem 0x000f0000-0x000fffff]
[    0.000000] e820: [mem 0x40000000-0xfebfffff] available for PCI devices
[    0.000000] Booting paravirtualized kernel on KVM
[    0.000000] clocksource: refined-jiffies: mask: 0xffffffff max_cycles: 0xffffffff, max_idle_ns: 7645519600211568 ns
[    0.000000] setup_percpu: NR_CPUS:512 nr_cpumask_bits:512 nr_cpu_ids:1 nr_node_ids:1
[    0.000000] PERCPU: Embedded 34 pages/cpu @ffff88003fc00000 s99480 r8192 d31592 u2097152
[    0.000000] Built 1 zonelists in Node order, mobility grouping on.  Total pages: 257912
[    0.000000] Policy zone: DMA32
[    0.000000] Kernel command line: BOOT_IMAGE=/boot/vmlinuz-4.4.0-146-generic root=LABEL=cloudimg-rootfs ro console=tty1 console=ttyS0
[    0.000000] PID hash table entries: 4096 (order: 3, 32768 bytes)
[    0.000000] Memory: 997872K/1048120K available (8609K kernel code, 1334K rwdata, 4028K rodata, 1484K init, 1284K bss, 50248K reserved, 0K cma-reserved)
[    0.000000] SLUB: HWalign=64, Order=0-3, MinObjects=0, CPUs=1, Nodes=1
[    0.000000] Kernel/User page tables isolation: enabled
[    0.000000] Hierarchical RCU implementation.
[    0.000000] 	Build-time adjustment of leaf fanout to 64.
[    0.000000] 	RCU restricting CPUs from NR_CPUS=512 to nr_cpu_ids=1.
[    0.000000] RCU: Adjusting geometry for rcu_fanout_leaf=64, nr_cpu_ids=1
[    0.000000] NR_IRQS:33024 nr_irqs:256 16
[    0.000000] Console: colour VGA+ 80x25
[    0.000000] console [tty1] enabled
[    0.000000] console [ttyS0] enabled
[    0.000000] tsc: Detected 2294.690 MHz processor
[    0.138866] Calibrating delay loop (skipped) preset value.. 4589.38 BogoMIPS (lpj=9178760)
[    0.140616] pid_max: default: 32768 minimum: 301
[    0.141564] ACPI: Core revision 20150930
[    0.143352] ACPI: 2 ACPI AML tables successfully acquired and loaded
[    0.144713] Security Framework initialized
[    0.145579] Yama: becoming mindful.
[    0.146381] AppArmor: AppArmor initialized
[    0.147325] Dentry cache hash table entries: 131072 (order: 8, 1048576 bytes)
[    0.149352] Inode-cache hash table entries: 65536 (order: 7, 524288 bytes)
[    0.150771] Mount-cache hash table entries: 2048 (order: 2, 16384 bytes)
[    0.152084] Mountpoint-cache hash table entries: 2048 (order: 2, 16384 bytes)
[    0.153923] Initializing cgroup subsys io
[    0.154834] Initializing cgroup subsys memory
[    0.155824] Initializing cgroup subsys devices
[    0.156762] Initializing cgroup subsys freezer
[    0.157724] Initializing cgroup subsys net_cls
[    0.158659] Initializing cgroup subsys perf_event
[    0.159628] Initializing cgroup subsys net_prio
[    0.160593] Initializing cgroup subsys hugetlb
[    0.161537] Initializing cgroup subsys pids
[    0.163448] mce: CPU supports 0 MCE banks
[    0.164323] process: using mwait in idle threads
[    0.165285] Last level iTLB entries: 4KB 64, 2MB 8, 4MB 8
[    0.166361] Last level dTLB entries: 4KB 64, 2MB 0, 4MB 0, 1GB 4
[    0.167512] Spectre V2 : Mitigation: Full generic retpoline
[    0.168662] Spectre V2 : Spectre v2 / SpectreRSB mitigation: Filling RSB on context switch
[    0.170328] Speculative Store Bypass: Vulnerable
[    0.196175] Freeing SMP alternatives memory: 36K
[    0.203159] ftrace: allocating 32287 entries in 127 pages
[    0.261909] smpboot: APIC(0) Converting physical 0 to logical package 0
[    0.263494] smpboot: Max logical packages: 1
[    0.264818] x2apic enabled
[    0.265820] Switched APIC routing to physical x2apic.
[    0.268542] ..TIMER: vector=0x30 apic1=0 pin1=2 apic2=-1 pin2=-1
[    0.374198] smpboot: CPU0: Intel(R) Core(TM) i5-5300U CPU @ 2.30GHz (family: 0x6, model: 0x3d, stepping: 0x4)
[    0.376461] Performance Events: unsupported p6 CPU model 61 no PMU driver, software events only.
[    0.388439] KVM setup paravirtual spinlock
[    0.389970] x86: Booted up 1 node, 1 CPUs
[    0.390859] smpboot: Total of 1 processors activated (4589.38 BogoMIPS)
[    0.392353] devtmpfs: initialized
[    0.394431] evm: security.selinux
[    0.395201] evm: security.SMACK64
[    0.395969] evm: security.SMACK64EXEC
[    0.396851] evm: security.SMACK64TRANSMUTE
[    0.397734] evm: security.SMACK64MMAP
[    0.398549] evm: security.ima
[    0.399283] evm: security.capability
[    0.400174] clocksource: jiffies: mask: 0xffffffff max_cycles: 0xffffffff, max_idle_ns: 7645041785100000 ns
[    0.402090] futex hash table entries: 256 (order: 2, 16384 bytes)
[    0.403379] pinctrl core: initialized pinctrl subsystem
[    0.404528] RTC time:  2:17:24, date: 05/20/19
[    0.405590] NET: Registered protocol family 16
[    0.406686] cpuidle: using governor ladder
[    0.407567] cpuidle: using governor menu
[    0.408511] PCCT header not found.
[    0.409364] ACPI: bus type PCI registered
[    0.410235] acpiphp: ACPI Hot Plug PCI Controller Driver version: 0.5
[    0.411563] PCI: Using configuration type 1 for base access
[    0.413780] ACPI: Added _OSI(Module Device)
[    0.414699] ACPI: Added _OSI(Processor Device)
[    0.415635] ACPI: Added _OSI(3.0 _SCP Extensions)
[    0.416616] ACPI: Added _OSI(Processor Aggregator Device)
[    0.418260] ACPI: Executed 1 blocks of module-level executable AML code
[    0.421441] ACPI: Interpreter enabled
[    0.422275] ACPI: (supports S0 S5)
[    0.423067] ACPI: Using IOAPIC for interrupt routing
[    0.424208] PCI: Using host bridge windows from ACPI; if necessary, use "pci=nocrs" and report a bug
[    0.429030] ACPI: PCI Root Bridge [PCI0] (domain 0000 [bus 00-ff])
[    0.430240] acpi PNP0A03:00: _OSC: OS supports [ASPM ClockPM Segments MSI]
[    0.431812] acpi PNP0A03:00: _OSC: not requesting OS control; OS requires [ExtendedConfig ASPM ClockPM MSI]
[    0.433750] acpi PNP0A03:00: fail to add MMCONFIG information, can't access extended PCI configuration space under this bridge.
[    0.436177] PCI host bridge to bus 0000:00
[    0.437094] pci_bus 0000:00: root bus resource [io  0x0000-0x0cf7 window]
[    0.438371] pci_bus 0000:00: root bus resource [io  0x0d00-0xffff window]
[    0.439657] pci_bus 0000:00: root bus resource [mem 0x000a0000-0x000bffff window]
[    0.441213] pci_bus 0000:00: root bus resource [mem 0x40000000-0xfdffffff window]
[    0.442770] pci_bus 0000:00: root bus resource [bus 00-ff]
[    0.445406] pci 0000:00:01.1: legacy IDE quirk: reg 0x10: [io  0x01f0-0x01f7]
[    0.446749] pci 0000:00:01.1: legacy IDE quirk: reg 0x14: [io  0x03f6]
[    0.448004] pci 0000:00:01.1: legacy IDE quirk: reg 0x18: [io  0x0170-0x0177]
[    0.449327] pci 0000:00:01.1: legacy IDE quirk: reg 0x1c: [io  0x0376]
[    0.467003] pci 0000:00:07.0: quirk: [io  0x4000-0x403f] claimed by PIIX4 ACPI
[    0.468592] pci 0000:00:07.0: quirk: [io  0x4100-0x410f] claimed by PIIX4 SMB
[    0.479619] ACPI: PCI Interrupt Link [LNKA] (IRQs 5 9 10 *11)
[    0.490520] ACPI: PCI Interrupt Link [LNKB] (IRQs 5 9 *10 11)
[    0.492192] ACPI: PCI Interrupt Link [LNKC] (IRQs 5 *9 10 11)
[    0.493773] ACPI: PCI Interrupt Link [LNKD] (IRQs 5 9 10 *11)
[    0.495411] ACPI: Enabled 2 GPEs in block 00 to 07
[    0.496724] vgaarb: setting as boot device: PCI:0000:00:02.0
[    0.497895] vgaarb: device added: PCI:0000:00:02.0,decodes=io+mem,owns=io+mem,locks=none
[    0.499554] vgaarb: loaded
[    0.500231] vgaarb: bridge control possible 0000:00:02.0
[    0.501519] SCSI subsystem initialized
[    0.502436] ACPI: bus type USB registered
[    0.503325] usbcore: registered new interface driver usbfs
[    0.504427] usbcore: registered new interface driver hub
[    0.505516] usbcore: registered new device driver usb
[    0.506687] PCI: Using ACPI for IRQ routing
[    0.507848] NetLabel: Initializing
[    0.508638] NetLabel:  domain hash size = 128
[    0.509561] NetLabel:  protocols = UNLABELED CIPSOv4
[    0.510596] NetLabel:  unlabeled traffic allowed by default
[    0.511756] amd_nb: Cannot enumerate AMD northbridges
[    0.512835] clocksource: Switched to clocksource kvm-clock
[    0.519342] AppArmor: AppArmor Filesystem Enabled
[    0.520409] pnp: PnP ACPI init
[    0.521855] pnp: PnP ACPI: found 3 devices
[    0.528803] clocksource: acpi_pm: mask: 0xffffff max_cycles: 0xffffff, max_idle_ns: 2085701024 ns
[    0.530657] NET: Registered protocol family 2
[    0.531704] TCP established hash table entries: 8192 (order: 4, 65536 bytes)
[    0.533093] TCP bind hash table entries: 8192 (order: 5, 131072 bytes)
[    0.534358] TCP: Hash tables configured (established 8192 bind 8192)
[    0.535592] UDP hash table entries: 512 (order: 2, 16384 bytes)
[    0.536750] UDP-Lite hash table entries: 512 (order: 2, 16384 bytes)
[    0.538037] NET: Registered protocol family 1
[    0.539036] pci 0000:00:00.0: Limiting direct PCI/PCI transfers
[    0.540205] pci 0000:00:01.0: Activating ISA DMA hang workarounds
[    0.541551] Unpacking initramfs...
[    0.747321] Freeing initrd memory: 14824K
[    0.748492] RAPL PMU detected, API unit is 2^-32 Joules, 4 fixed counters 10737418240 ms ovfl timer
[    0.750332] hw unit of domain pp0-core 2^-0 Joules
[    0.751322] hw unit of domain package 2^-0 Joules
[    0.752292] hw unit of domain dram 2^-0 Joules
[    0.753254] hw unit of domain pp1-gpu 2^-0 Joules
[    0.754286] platform rtc_cmos: registered platform RTC device (no PNP device found)
[    0.755904] Scanning for low memory corruption every 60 seconds
[    0.757348] audit: initializing netlink subsys (disabled)
[    0.758441] audit: type=2000 audit(1558318649.083:1): initialized
[    0.759866] Initialise system trusted keyring
[    0.760900] HugeTLB registered 2 MB page size, pre-allocated 0 pages
[    0.763770] zbud: loaded
[    0.764784] VFS: Disk quotas dquot_6.6.0
[    0.765704] VFS: Dquot-cache hash table entries: 512 (order 0, 4096 bytes)
[    0.767238] squashfs: version 4.0 (2009/01/31) Phillip Lougher
[    0.768869] fuse init (API version 7.23)
[    0.771017] Key type big_key registered
[    0.772723] Allocating IMA MOK and blacklist keyrings.
[    0.774078] Key type asymmetric registered
[    0.775035] Asymmetric key parser 'x509' registered
[    0.776151] Block layer SCSI generic (bsg) driver version 0.4 loaded (major 249)
[    0.777994] io scheduler noop registered
[    0.778918] io scheduler deadline registered (default)
[    0.780097] io scheduler cfq registered
[    0.781125] pci_hotplug: PCI Hot Plug PCI Core version: 0.5
[    0.782358] pciehp: PCI Express Hot Plug Controller Driver version: 0.4
[    0.783849] ACPI: AC Adapter [AC] (off-line)
[    0.784906] input: Power Button as /devices/LNXSYSTM:00/LNXPWRBN:00/input/input0
[    0.786651] ACPI: Power Button [PWRF]
[    0.787678] input: Sleep Button as /devices/LNXSYSTM:00/LNXSLPBN:00/input/input1
[    0.789404] ACPI: Sleep Button [SLPF]
[    0.790891] ACPI: Battery Slot [BAT0] (battery present)
[    0.792064] GHES: HEST is not enabled!
[    0.793073] Serial: 8250/16550 driver, 32 ports, IRQ sharing enabled
[    0.814973] 00:02: ttyS0 at I/O 0x3f8 (irq = 4, base_baud = 115200) s a 16550A
    0.819455] Linux agpgart interface v0.103
[    0.821365] loop: module loaded
[    0.822608] scsi host0: ata_piix
[    0.823469] scsi host1: ata_piix
[    0.824295] ata1: PATA max UDMA/33 cmd 0x1f0 ctl 0x3f6 bmdma 0xd000 irq 14
[    0.825786] ata2: PATA max UDMA/33 cmd 0x170 ctl 0x376 bmdma 0xd008 irq 15
[    0.827562] libphy: Fixed MDIO Bus: probed
[    0.828544] tun: Universal TUN/TAP device driver, 1.6
[    0.829723] tun: (C) 1999-2004 Max Krasnyansky <maxk@qualcomm.com>
[    0.831320] PPP generic driver version 2.4.2
[    0.832362] ehci_hcd: USB 2.0 'Enhanced' Host Controller (EHCI) Driver
[    0.833844] ehci-pci: EHCI PCI platform driver
[    0.834873] ehci-platform: EHCI generic platform driver
[    0.836060] ohci_hcd: USB 1.1 'Open' Host Controller (OHCI) Driver
[    0.837480] ohci-pci: OHCI PCI platform driver
[    0.838506] ohci-platform: OHCI generic platform driver
[    0.839659] uhci_hcd: USB Universal Host Controller Interface driver
[    0.841267] i8042: PNP: PS/2 Controller [PNP0303:PS2K,PNP0f03:PS2M] at 0x60,0x64 irq 1,12
[    0.843580] serio: i8042 KBD port at 0x60,0x64 irq 1
[    0.844723] serio: i8042 AUX port at 0x60,0x64 irq 12
[    0.845967] mousedev: PS/2 mouse device common for all mice
[    0.847419] input: AT Translated Set 2 keyboard as /devices/platform/i8042/serio0/input/input2
[    0.849753] rtc_cmos rtc_cmos: rtc core: registered rtc_cmos as rtc0
[    0.851144] rtc_cmos rtc_cmos: alarms up to one day, 114 bytes nvram
[    0.852492] i2c /dev entries driver
[    0.853443] device-mapper: uevent: version 1.0.3
[    0.854541] device-mapper: ioctl: 4.34.0-ioctl (2015-10-28) initialised: dm-devel@redhat.com
[    0.856444] ledtrig-cpu: registered to indicate activity on CPUs
[    0.858067] NET: Registered protocol family 10
[    0.859233] NET: Registered protocol family 17
[    0.860257] Key type dns_resolver registered
[    0.861487] registered taskstats version 1
[    0.862488] Loading compiled-in X.509 certificates
[    0.864164] Loaded X.509 cert 'Build time autogenerated kernel key: 4dcb2dc2c7cf43e0c20c44384f68683c20294489'
[    0.866399] zswap: loaded using pool lzo/zbud
[    0.868751] Key type trusted registered
[    0.871951] Key type encrypted registered
[    0.872962] AppArmor: AppArmor sha1 policy hashing enabled
[    0.874190] ima: No TPM chip found, activating TPM-bypass!
[    0.875388] ima: Allocated hash algorithm: sha1
[    0.876425] evm: HMAC attrs: 0x1
[    0.877590]   Magic number: 3:425:258
[    0.878532] rtc_cmos rtc_cmos: setting system clock to 2019-05-20 02:17:24 UTC (1558318644)
[    0.880459] BIOS EDD facility v0.16 2004-Jun-25, 0 devices found
[    0.881807] EDD information not available.
[    0.987971] Freeing unused kernel memory: 1484K
[    0.991925] Write protecting the kernel read-only data: 14336k
[    0.994273] Freeing unused kernel memory: 1620K
[    0.995426] Freeing unused kernel memory: 68K
Loading, please wait...
starting version 229
[    1.007031] random: udevadm: uninitialized urandom read (16 bytes read, 3 bits of entropy available)
[    1.009119] random: udevadm: uninitialized urandom read (16 bytes read, 3 bits of entropy available)
[    1.011649] random: systemd-udevd: uninitialized urandom read (16 bytes read, 3 bits of entropy available)
[    1.013902] random: systemd-udevd: uninitialized urandom read (16 bytes read, 3 bits of entropy available)
[    1.016004] random: systemd-udevd: uninitialized urandom read (16 bytes read, 3 bits of entropy available)
[    1.018162] random: systemd-udevd: uninitialized urandom read (16 bytes read, 3 bits of entropy available)
[    1.025488] random: systemd-udevd: uninitialized urandom read (16 bytes read, 3 bits of entropy available)
[    1.027501] random: systemd-udevd: uninitialized urandom read (16 bytes read, 3 bits of entropy available)
[    1.029440] random: systemd-udevd: uninitialized urandom read (16 bytes read, 3 bits of entropy available)
[    1.033928] random: udevadm: uninitialized urandom read (16 bytes read, 3 bits of entropy available)
[    1.092799] e1000: Intel(R) PRO/1000 Network Driver - version 7.3.21-k8-NAPI
[    1.094504] e1000: Copyright (c) 1999-2006 Intel Corporation.
[    1.100627] Fusion MPT base driver 3.04.20
[    1.101579] Copyright (c) 1999-2008 LSI Corporation
[    1.115736] Fusion MPT SPI Host driver 3.04.20
[    1.143457] AVX2 version of gcm_enc/dec engaged.
[    1.144490] AES CTR mode by8 optimization enabled
[    1.310659] input: ImExPS/2 Generic Explorer Mouse as /devices/platform/i8042/serio1/input/input4
[    1.500174] e1000 0000:00:03.0 eth0: (PCI:33MHz:32-bit) 02:9b:bc:73:96:26
[    1.501536] e1000 0000:00:03.0 eth0: Intel(R) PRO/1000 Network Connection
[    1.503325] mptbase: ioc0: Initiating bringup
[    1.565254] ioc0: LSI53C1030 A0: Capabilities={Initiator}
[    1.734886] scsi host2: ioc0: LSI53C1030 A0, FwRev=00000000h, Ports=1, MaxQ=256, IRQ=20
[    1.752939] tsc: Refined TSC clocksource calibration: 2295.351 MHz
[    1.756942] clocksource: tsc: mask: 0xffffffffffffffff max_cycles: 0x21160d7a05a, max_idle_ns: 440795294915 ns
[    1.860532] scsi 2:0:0:0: Direct-Access     VBOX     HARDDISK         1.0  PQ: 0 ANSI: 5
[    1.865122] scsi target2:0:0: Beginning Domain Validation
[    1.870047] scsi target2:0:0: Domain Validation skipping write tests
[    1.872974] scsi target2:0:0: Ending Domain Validation
[    1.874424] scsi target2:0:0: asynchronous
[    1.875724] scsi 2:0:1:0: Direct-Access     VBOX     HARDDISK         1.0  PQ: 0 ANSI: 5
[    1.877691] scsi target2:0:1: Beginning Domain Validation
[    1.879590] scsi target2:0:1: Domain Validation skipping write tests
[    1.890505] scsi target2:0:1: Ending Domain Validation
[    1.900036] scsi target2:0:1: asynchronous
[    2.018882] sd 2:0:0:0: Attached scsi generic sg0 type 0
[    2.020122] sd 2:0:0:0: [sda] 20971520 512-byte logical blocks: (10.7 GB/10.0 GiB)
[    2.022096] sd 2:0:1:0: [sdb] 20480 512-byte logical blocks: (10.5 MB/10.0 MiB)
[    2.023854] sd 2:0:1:0: Attached scsi generic sg1 type 0
[    2.025165] sd 2:0:1:0: [sdb] Write Protect is off
[    2.026359] sd 2:0:0:0: [sda] Write Protect is off
[    2.027496] sd 2:0:1:0: [sdb] Incomplete mode parameter data
[    2.028741] sd 2:0:1:0: [sdb] Assuming drive cache: write through
[    2.030117] sd 2:0:0:0: [sda] Incomplete mode parameter data
[    2.031336] sd 2:0:0:0: [sda] Assuming drive cache: write through
[    2.038141]  sda: sda1
[    2.039438] sd 2:0:0:0: [sda] Attached SCSI disk
[    2.040422] sd 2:0:1:0: [sdb] Attached SCSI disk
[    2.251736] e1000 0000:00:08.0 eth1: (PCI:33MHz:32-bit) 08:00:27:95:c1:61
[    2.253587] e1000 0000:00:08.0 eth1: Intel(R) PRO/1000 Network Connection
[    2.255739] e1000 0000:00:08.0 enp0s8: renamed from eth1
[    2.258376] e1000 0000:00:03.0 enp0s3: renamed from eth0
Begin: Loading essential drivers ... [    3.558209] md: linear personality registered for level -1
[    3.563227] md: multipath personality registered for level -4
[    3.569827] md: raid0 personality registered for level 0
[    3.577845] md: raid1 personality registered for level 1
[    3.666782] raid6: sse2x1   gen()  7957 MB/s
[    3.746788] raid6: sse2x1   xor()  7389 MB/s
[    3.826786] raid6: sse2x2   gen() 12585 MB/s
[    3.906791] raid6: sse2x2   xor()  8165 MB/s
[    3.986765] raid6: sse2x4   gen() 14164 MB/s
[    4.066781] raid6: sse2x4   xor() 10101 MB/s
[    4.146825] raid6: avx2x1   gen() 18476 MB/s
[    4.226779] raid6: avx2x2   gen() 23055 MB/s
[    4.306777] raid6: avx2x4   gen() 25755 MB/s
[    4.307705] raid6: using algorithm avx2x4 gen() 25755 MB/s
[    4.308808] raid6: using avx2x2 recovery algorithm
[    4.312067] xor: automatically using best checksumming function:
[    4.406861]    avx       : 58669.000 MB/sec
[    4.410883] async_tx: api initialized (async)
[    4.427157] md: raid6 personality registered for level 6
[    4.428280] md: raid5 personality registered for level 5
[    4.429367] md: raid4 personality registered for level 4
[    4.436983] md: raid10 personality registered for level 10
done.
Begin: Running /scripts/init-premount ... done.
Begin: Mounting root file system ... Begin: Running /scripts/local-top ... done.
Begin: Running /scripts/local-premount ... [    4.472050] Btrfs loaded
Scanning for Btrfs filesystems
done.
Warning: fsck not present, so skipping root file system
[    4.497342] EXT4-fs (sda1): mounted filesystem with ordered data mode. Opts: (null)
done.
Begin: Running /scripts/local-bottom ... done.
Begin: Running /scripts/init-bottom ... done.
[    4.548685] systemd[1]: systemd 229 running in system mode. (+PAM +AUDIT +SELINUX +IMA +APPARMOR +SMACK +SYSVINIT +UTMP +LIBCRYPTSETUP +GCRYPT +GNUTLS +ACL +XZ -LZ4 +SECCOMP +BLKID +ELFUTILS +KMOD -IDN)
[    4.552173] systemd[1]: Detected virtualization oracle.
[    4.553212] systemd[1]: Detected architecture x86-64.

Welcome to [1mUbuntu 16.04.6 LTS[0m!

[    4.555904] systemd[1]: Set hostname to <ubuntu>.
[    4.557854] systemd[1]: Initializing machine ID from random generator.
[    4.559134] systemd[1]: Installed transient /etc/machine-id file.
[    4.645758] systemd[1]: Listening on LVM2 poll daemon socket.
[[0;32m  OK  [0m] Listening on LVM2 poll daemon socket.
[    4.653167] systemd[1]: Listening on udev Kernel Socket.
[[0;32m  OK  [0m] Listening on udev Kernel Socket.
[    4.655479] systemd[1]: Listening on LVM2 metadata daemon socket.
[[0;32m  OK  [0m] Listening on LVM2 metadata daemon socket.
[    4.665121] systemd[1]: Started Trigger resolvconf update for networkd DNS.
[[0;32m  OK  [0m] Started Trigger resolvconf update for networkd DNS.
[    4.667741] systemd[1]: Listening on Journal Socket.
[[0;32m  OK  [0m] Listening on Journal Socket.
[    4.670038] systemd[1]: Created slice System Slice.
[[0;32m  OK  [0m] Created slice System Slice.
[    4.677021] systemd[1]: Reached target Swap.
[[0;32m  OK  [0m] Reached target Swap.
[    4.686004] systemd[1]: Starting Nameserver information manager...
         Starting Nameserver information manager...
[    4.688388] systemd[1]: Reached target User and Group Name Lookups.
[[0;32m  OK  [0m] Reached target User and Group Name Lookups.
[    4.692833] systemd[1]: Listening on Device-mapper event daemon FIFOs.
[[0;32m  OK  [0m] Listening on Device-mapper event daemon FIFOs.
[    4.697197] systemd[1]: Listening on Journal Audit Socket.
[[0;32m  OK  [0m] Listening on Journal Audit Socket.
[    4.700594] systemd[1]: Mounting POSIX Message Queue File System...
         Mounting POSIX Message Queue File System...
[    4.703923] systemd[1]: Mounting Huge Pages File System...
         Mounting Huge Pages File System...
[    4.714416] systemd[1]: Starting Set console keymap...
         Starting Set console keymap...
[    4.716678] systemd[1]: Created slice User and Session Slice.
[[0;32m  OK  [0m] Created slice User and Session Slice.
[    4.724995] systemd[1]: Reached target Slices.
[[0;32m  OK  [0m] Reached target Slices.
[    4.730455] systemd[1]: Starting Uncomplicated firewall...
         Starting Uncomplicated firewall...
[    4.738818] systemd[1]: Created slice system-serial\x2dgetty.slice.
[[0;32m  OK  [0m] Created slice system-serial\x2dgetty.slice.
[    4.757052] systemd[1]: Listening on udev Control Socket.
[[0;32m  OK  [0m] Listening on udev Control Socket.
[    4.759453] systemd[1]: Mounting Debug File System...
         Mounting Debug File System...
[    4.772961] systemd[1]: Reached target Encrypted Volumes.
[[0;32m  OK  [0m] Reached target Encrypted Volumes.
[    4.774774] systemd[1]: Set up automount Arbitrary Executable File Formats File System Automount Point.
[[0;32m  OK  [0m] Set up automount Arbitrary Executab...ats File System Automount Point.
[    4.787399] systemd[1]: Starting Load Kernel Modules...
         Starting Load Kernel Modules...
[    4.797250] Loading iSCSI transport class v2.0-870.
[    4.798520] systemd[1]: Listening on Syslog Socket.
[[0;32m  OK  [0m] Listening on Syslog Socket.
[    4.800187] systemd[1]: Listening on /dev/initctl Compatibility Named Pipe.
[[0;32m  OK  [0m] Listening on /dev/initctl Compatibility Named Pipe.
[    4.802347] systemd[1]: Listening on Journal Socket (/dev/log).
[[0;32m  OK  [0m] Listening on Journal Socket (/dev/log).
[    4.804826] systemd[1]: Starting Journal Service...
         Starting Journal Service...
[    4.810503] systemd[1]: Reached target System Time Synchronized.
[[0;32m  OK  [0m] Reached target System Time Synchronized.
[    4.815749] systemd[1]: Starting Monitoring of LVM2 mirrors, snapshots etc. using dmeventd or progress polling...
         Starting Monitoring of LVM2 mirrors... dmeventd or progress polling...
[    4.832734] iscsi: registered transport (tcp)
[    4.834563] systemd[1]: Starting Remount Root and Kernel File Systems...
         Starting Remount Root and Kernel File Systems...
[    4.836592] systemd[1]: Started Forward Password Requests to Wall Directory Watch.
[[0;32m  OK  [0m] Started Forward Password Requests to Wall Directory Watch.
[    4.844538] EXT4-fs (sda1): re-mounted. Opts: (null)
[    4.854402] systemd[1]: Starting Create list of required static device nodes for the current kernel...
         Starting Create list of required st... nodes for the current kernel...
[    4.862236] systemd[1]: Mounted POSIX Message Queue File System.
[[0;32m  OK  [0m] Mounted POSIX Message Queue File System.
[    4.864406] systemd[1]: Mounted Debug File System.
[[0;32m  OK  [0m] Mounted Debug File System.
[    4.869644] systemd[1]: Mounted Huge Pages File System.
[[0;32m  OK  [0m] Mounted Huge Pages File System.
[    4.876601] iscsi: registered transport (iser)
[    4.877867] systemd[1]: Started Journal Service.
[[0;32m  OK  [0m] Started Journal Service.
[[0;32m  OK  [0m] Started Set console keymap.
[    4.884228] random: nonblocking pool is initialized
[[0;32m  OK  [0m] Started Uncomplicated firewall.
[[0;32m  OK  [0m] Started Load Kernel Modules.
[[0;32m  OK  [0m] Started Remount Root and Kernel File Systems.
[[0;32m  OK  [0m] Started Create list of required sta...ce nodes for the current kernel.
[[0;32m  OK  [0m] Started Nameserver information manager.
[[0;32m  OK  [0m] Started LVM2 metadata daemon.
         Starting Create Static Device Nodes in /dev...
         Starting udev Coldplug all Devices...
         Starting Load/Save Random Seed...
         Starting Apply Kernel Variables...
         Mounting FUSE Control File System...
         Starting Flush Journal to Persistent Storage...
[[0;32m  OK  [0m] Mounted FUSE Control File System.
[[0;32m  OK  [0m] Started Create Static Device Nodes in /dev.
[[0;32m  OK  [0m] Started Load/Save Random Seed.
[[0;32m  OK  [0m] Started Apply Kernel Variables.
         Starting udev Kernel Device Manager...
[[0;32m  OK  [0m] Started Flush Journal to Persistent Storage.
[[0;32m  OK  [0m] Started udev Coldplug all Devices.
[[0;32m  OK  [0m] Started udev Kernel Device Manager.
[[0;32m  OK  [0m] Started Dispatch Password Requests to Console Directory Watch.
[[0;32m  OK  [0m] Started Monitoring of LVM2 mirrors,...ng dmeventd or progress polling.
[[0;32m  OK  [0m] Reached target Local File Systems (Pre).
[[0;32m  OK  [0m] Reached target Local File Systems.
         Starting Tell Plymouth To Write Out Runtime Data...
         Starting Set console font and keymap...
         Starting Commit a transient machine-id on disk...
         Starting Initial cloud-init job (pre-networking)...
         Starting LSB: AppArmor initialization...
         Starting Create Volatile Files and Directories...
[[0;32m  OK  [0m] Started Tell Plymouth To Write Out Runtime Data.
[[0;32m  OK  [0m] Started Commit a transient machine-id on disk.
[[0;32m  OK  [0m] Started Create Volatile Files and Directories.
         Starting Update UTMP about System Boot/Shutdown...
[[0;32m  OK  [0m] Started Update UTMP about System Boot/Shutdown.
[[0;32m  OK  [0m] Found device /dev/ttyS0.
[[0;32m  OK  [0m] Listening on Load/Save RF Kill Switch Status /dev/rfkill Watch.
[    7.066732] cloud-init[483]: Cloud-init v. 18.5-45-g3554ffe8-0ubuntu1~16.04.1 running 'init-local' at Mon, 20 May 2019 02:17:30 +0000. Up 6.44 seconds.
[[0;32m  OK  [0m] Started Initial cloud-init job (pre-networking).
[[0;32m  OK  [0m] Reached target Network (Pre).
[[0;32m  OK  [0m] Started LSB: AppArmor initialization.
         Starting Raise network interfaces...
[[0;32m  OK  [0m] Started Set console font and keymap.
[[0;32m  OK  [0m] Created slice system-getty.slice.
[[0;32m  OK  [0m] Started Raise network interfaces.
         Starting Initial cloud-init job (metadata service crawler)...
[[0;32m  OK  [0m] Reached target Network.
[    8.596982] cloud-init[956]: Cloud-init v. 18.5-45-g3554ffe8-0ubuntu1~16.04.1 running 'init' at Mon, 20 May 2019 02:17:32 +0000. Up 8.16 seconds.
[    8.606282] cloud-init[956]: ci-info: ++++++++++++++++++++++++++++++++++++++Net device info+++++++++++++++++++++++++++++++++++++++
[    8.607247] cloud-init[956]: ci-info: +--------+-------+----------------------------+---------------+--------+-------------------+
[    8.613119] cloud-init[956]: ci-info: | Device |   Up  |          Address           |      Mask     | Scope  |     Hw-Address    |
[    8.626227] cloud-init[956]: ci-info: +--------+-------+----------------------------+---------------+--------+-------------------+
[    8.627169] cloud-init[956]: ci-info: | enp0s3 |  True |         10.0.2.15          | 255.255.255.0 | global | 02:9b:bc:73:96:26 |
[    8.636407] cloud-init[956]: ci-info: | enp0s3 |  True | fe80::9b:bcff:fe73:9626/64 |       .       |  link  | 02:9b:bc:73:96:26 |
[    8.638887] cloud-init[956]: ci-info: | enp0s8 | False |             .              |       .       |   .    | 08:00:27:95:c1:61 |
[    8.652436] cloud-init[956]: ci-info: |   lo   |  True |         127.0.0.1          |   255.0.0.0   |  host  |         .         |
[    8.653483] cloud-init[956]: ci-info: |   lo   |  True |          ::1/128           |       .       |  host  |         .         |
[[0;32m  OK  [0m] Started Initial cloud-init job (metadata service crawler).
[[0;32m  OK  [0m] Reached target Network is Online.
         Starting iSCSI initiator daemon (iscsid)...
[    8.655032] cloud-init[956]: ci-info: +--------+-------+----------------------------+---------------+--------+-------------------+
[[0;32m  OK  [0m] Reached target System Initialization.
[[0;32m  OK  [0m] Listening on UUID daemon activation socket.
[    8.675674] cloud-init[956]: ci-info: +++++++++++++++++++++++++++Route IPv4 info++++++++++++++++++++++++++++
[    8.684397] cloud-init[956]: ci-info: +-------+-------------+----------+---------------+-----------+-------+
[    8.685388] cloud-init[956]: ci-info: | Route | Destination | Gateway  |    Genmask    | Interface | Flags |
         Starting LXD - unix socket.
[    8.694041] cloud-init[956]: ci-info: +-------+-------------+----------+---------------+-----------+-------+
[[0;32m  OK  [0m] Listening on D-Bus System Message Bus Socket.[    8.696333] cloud-init[956]: ci-info: |   0   |   0.0.0.0   | 10.0.2.2 |    0.0.0.0    |   enp0s3  |   UG  |
[    8.697248] cloud-init[956]: ci-info: |   1   |   10.0.2.0  | 0.0.0.0  | 255.255.255.0 |   enp0s3  |   U   |
[    8.698174] cloud-init[956]: ci-info: +-------+-------------+----------+---------------+-----------+-------+
[    8.699103] cloud-init[956]: ci-info: +++++++++++++++++++Route IPv6 info+++++++++++++++++++
[    8.699955] 
[[0;32m  OK  [0m] Listening on ACPID Listen Socket.
cloud-init[956]: [[0;32m  OK  [0m] Started ACPI Events Check.
[[0;32m  OK  [0m] Reached target Paths.
[[0;32m  OK  [0m] Started Daily Cleanup of Temporary Directories.
[[0;32m  OK  [0m] Started Daily apt download activities.ci-info: +-------+-------------+---------+-----------+-------+
[    8.704791] cloud-init[956]: ci-info: | Route | Destination | Gateway | Interface | Flags |
[    8.705592] cloud-init[956]: ci-info: +-------+-------------+---------+-----------+-------+
[    8.706337] cloud-init[956]: ci-info: |   0   |  fe80::/64  |    ::   |   enp0s3  |   U   |
[    8.707330] cloud-init[956]: ci-info: |   3   |   ff00::/8  |    ::   |   enp0s3  |   U   |
[    8.708036] 
[[0;32m  OK  [0m] Started Daily apt upgrade and clean activities.
[[0;32m  OK  [0m] Reached target Timers.
         Starting Socket activation for snappy daemon.
[[0;32m  OK  [0m] Reached target Cloud-config availability.
[[0;32m  OK  [0mcloud-init[956]: ci-info: +-------+-------------+---------+-----------+-------+
[    8.712659] cloud-init[956]: Generating public/private rsa key pair.
[    8.713142] cloud-init[956]: Your identification has been saved in /etc/ssh/ssh_host_rsa_key.
[    8.713717] cloud-init[956]: Your public key has been saved in /etc/ssh/ssh_host_rsa_key.pub.
[    8.714304] cloud-init[956]: The key fingerprint is:
[    8.714747] cloud-init[956]: SHA256:WXStPHOMhOmUpd4wAWhDwBQTk6nwbsqalDGffSgOz1Y root@ubuntu-xenial
[    8.715357] cloud-init[956]: The key's randomart image is:
[    8.715814] cloud-init[956]: ] Listening on LXD - unix socket.
[[0;32m  OK  [0m] Listening on Socket activation for snappy daemon.
+---[RSA 2048]----+
[[0;32m  OK  [0m] Started iSCSI initiator daemon (iscsid).
[    8.724566] cloud-init[956]: |   oBB....o=o.   |
[    8.736442] cloud-init[956]: |.   +o+  .=+. .  |
[    8.737227] cloud-init[956]: | o . . . o=o +   |
[    8.737897] cloud-init[956]: |  o      +.+* o  |
[    8.738545] cloud-init[956]: | +      S . .+   |
[    8.739196] cloud-init[956]: |  B oE.          |
[    8.739850]          Starting Login to default iSCSI targets...
[[0;32m  OK  [0m] Reached target Sockets.
[[0;32m  OK  [0m] Reached target Basic System.
         Starting System Logging Service...
[[0;32m  OK  [0m] Started Deferred execution scheduler.
cloud-init[956]:          Starting Pollinate to seed the pseudo random number generator...
         Starting Accounts Service...
|.* +.o .         |
[    8.749752] cloud-init[956]: |oo=.. .          |
         Starting Login Service...
         Starting /etc/rc.local Compatibility...
         Starting LSB: MD monitoring daemon...
[[0;32m  OK  [0m] Started Regular background program processing daemon.
         Starting Virtualbox guest utils...
[[0;32m  OK  [0m] Started D-Bus System Message Bus.
[    8.753514] cloud-init[956]: |+ .+             |
[    8.805135] cloud-init[956]: +----[SHA256]-----+
[    8.807719] cloud-init[956]: Generating public/private dsa key pair.
[    8.817089] cloud-init[956]: Your identification has been saved in /etc/ssh/ssh_host_dsa_key.
[    8.820858] cloud-init[956]: Your public key has been saved in /etc/ssh/ssh_host_dsa_key.pub.
[    8.822695] cloud-init[956]: The key fingerprint is:
[    8.826353] cloud-init[956]: SHA256:pRvnc+JUllXoaRy33NryJzeIS8USC7ak4Jjs0CujUR4 root@ubuntu-xenial
[    8.830142] cloud-init[956]: The key's randomart image is:
[[0;32m  OK  [0m] Started ACPI event daemon.
         Starting Snappy daemon...
         Starting LSB: Record successful boot for GRUB...
[[0;32m  OK  [0m] Started FUSE filesystem for LXC.
         Starting LXD - container startup/shutdown...
[    8.847945] cloud-init[[0;32m  OK  [0m] Started System Logging Service.
[[0;32m  OK  [0m] Started /etc/rc.local Compatibility.
[956]: +---[DSA 1024]----+
[    8.908641] cloud-init[956]: |               ..|
[    8.912844] cloud-init[956]: |              o..|
[    8.928518] cloud-init[956]: |     .   +.. oo+o|
[[0;32m  OK  [0m] Started Login to default iSCSI targets.
[    8.941520] cloud-init[956]: |  o + . +oo +o=o.|
[    8.944959] cloud-init[956]: | .E= . .S..o++ o |
[    8.949184] cloud-init[956]: | oo..    = oo o .|
[    8.960752] cloud-init[956]: |.o.o    . =.o .o |
[    8.987905] cloud-init[956]: |..o      o.= ...+|
[    9.009574] cloud-init[956]: |.         ...  oo|
         Starting Authenticate and Authorize Users to Run Privileged Tasks...
[[0;32m  OK  [0m] Reached target Remote File Systems (Pre).
[    9.034676] cloud-init[956]: +----[SHA256]-----+
[[0;32m  OK  [0m] Reached target Remote File Systems.
         Starting LSB: automatic crash report generation...
[    9.042562] cloud-init[956]: Generating public/private ecdsa key pair.
         Starting LSB: Set the CPU Frequency Scaling governor to "ondemand"...
         Starting Permit User Sessions...
         Starting LSB: daemon to balance interrupts for SMP systems...
[[0;32m  OK  [0m] Started LSB: Record successful boot for GRUB.
[[0;32m  OK  [0m] Started Permit User Sessions.
[[0;32m  OK  [0m] Started Login Service.
[[0;32m  OK  [0m] Started LSB: MD monitoring daemon.
[    9.092178] cloud-init[956]: Your identification has been saved in /etc/ssh/ssh_host_ecdsa_key.
[[0;32m  OK  [0m] Started Unattended Upgrades Shutdown.
         Starting Terminate Plymouth Boot Screen...
         Starting Hold until boot process finishes up...
[[0;32m  OK  [0m] Started Authenticate and Authorize Users to Run Privileged Tasks.
[[0;32m  OK  [0m] Started Terminate Plymouth Boot Screen.
[[0;32m  OK  [0m] Started Hold until boot process finishes up.
[    9.126811] cloud-init[956]: Your public key has been saved in /etc/ssh/ssh_host_ecdsa_key.pub.
[[0;32m  OK  [0m] Started Accounts Service.
[[0;32m  OK  [0m] Started LSB: Set the CPU Frequency Scaling governor to "ondemand".
[[0;32m  OK  [0m] Started Serial Getty on ttyS0.
[    9.161377] cloud-init[956]: The key fingerprint is:
         Starting Set console scheme...
[[0;32m  OK  [0m] Started Getty on tty1.
[    9.174661] cloud-init[956]: SHA256:nUzVYAwhDBWlqEr6rxwStbYGoeyyyDUBHXm83e40eeM root@ubuntu-xenial
[[0;32m  OK  [0m] Reached target Login Prompts.
[[0;32m  OK  [0m] Started Set console scheme.
[[0;32m  OK  [0m] Started LSB: automatic crash report generation.
[    9.194610] cloud-init[956]: The key's randomart image is:
[[0;32m  OK  [0m] Started LXD - container startup/shutdown.
[[0;32m  OK  [0m] Started LSB: daemon to balance interrupts for SMP systems.
[    9.208447] cloud-init[956]: +---[ECDSA 256]---+
[    9.225338] cloud-init[956]: |   .o .++o+++o   |
[    9.226017] cloud-init[956]: |  ...o ..o o. .  |
[    9.228000] cloud-init[956]: |..... + o .      |
[    9.238820] cloud-init[956]: |oo.. o . = .     |
[    9.239742] cloud-init[956]: |+.+..   S =      |
[    9.240523] cloud-init[956]: |.* o.    = o     |
[    9.241268] cloud-init[956]: |+.=o    o + .    |
[    9.243044] cloud-init[956]: |+*...    . E     |
[    9.249091] cloud-init[956]: |o.+o.            |
[    9.257352] cloud-init[956]: +----[SHA256]-----+
[    9.260145] cloud-init[956]: Generating public/private ed25519 key pair.
[    9.268824] cloud-init[956]: Your identification has been saved in /etc/ssh/ssh_host_ed25519_key.
[    9.270720] cloud-init[956]: Your public key has been saved in /etc/ssh/ssh_host_ed25519_key.pub.
[    9.275019] cloud-init[956]: The key fingerprint is:
[[0;32m  OK  [0m] Started Virtualbox guest utils.
[    9.282124] cloud-init[956]: SHA256:8zVrIbMbXTFIojtSgqx6YxYqbtQPzzsAIiCSJTQS1J8 root@ubuntu-xenial
[    9.283179] cloud-init[956]: The key's randomart image is:
[    9.291158] cloud-init[956]: +--[ED25519 256]--+
[    9.299902] cloud-init[956]: |*Bo       . .    |
[    9.306832] cloud-init[956]: |*..o .   . o .   |
[    9.308349] cloud-init[956]: |+   + o o   . o  |
[    9.309388] cloud-init[956]: |o. . E o .     o |
[[0;32m  OK  [0m] Started Snappy daemon.
         Starting Wait until snapd is fully seeded...
[    9.317952] cloud-init[956]: |o =   . S o + .  |
[    9.340121] cloud-init[956]: | + =   . + * =   |
[    9.355020] cloud-init[956]: |= = *     + +    |
[    9.355903] cloud-init[956]: |o= . =     +     |
[    9.366252] cloud-init[956]: |..   .o   .      |
[    9.366910] cloud-init[956]: +----[SHA256]-----+

Ubuntu 16.04.6 LTS ubuntu-xenial ttyS0

ubuntu-xenial login: [   55.859028] cloud-init[1559]: Generating locales (this might take a while)...
[   56.511217] cloud-init[1559]:   en_US.UTF-8... done
[   56.512264] cloud-init[1559]: Generation complete.
[   56.737980] cloud-init[1559]: Cloud-init v. 18.5-45-g3554ffe8-0ubuntu1~16.04.1 running 'modules:config' at Mon, 20 May 2019 02:18:19 +0000. Up 55.77 seconds.
ci-info: no authorized ssh keys fingerprints found for user ubuntu.
<14>May 20 02:18:21 ec2: 
<14>May 20 02:18:21 ec2: #############################################################
<14>May 20 02:18:21 ec2: -----BEGIN SSH HOST KEY FINGERPRINTS-----
<14>May 20 02:18:21 ec2: 1024 SHA256:pRvnc+JUllXoaRy33NryJzeIS8USC7ak4Jjs0CujUR4 root@ubuntu-xenial (DSA)
<14>May 20 02:18:21 ec2: 256 SHA256:nUzVYAwhDBWlqEr6rxwStbYGoeyyyDUBHXm83e40eeM root@ubuntu-xenial (ECDSA)
<14>May 20 02:18:21 ec2: 256 SHA256:8zVrIbMbXTFIojtSgqx6YxYqbtQPzzsAIiCSJTQS1J8 root@ubuntu-xenial (ED25519)
<14>May 20 02:18:21 ec2: 2048 SHA256:WXStPHOMhOmUpd4wAWhDwBQTk6nwbsqalDGffSgOz1Y root@ubuntu-xenial (RSA)
<14>May 20 02:18:21 ec2: -----END SSH HOST KEY FINGERPRINTS-----
<14>May 20 02:18:21 ec2: #############################################################
-----BEGIN SSH HOST KEY KEYS-----
ecdsa-sha2-nistp256 AAAAE2VjZHNhLXNoYTItbmlzdHAyNTYAAAAIbmlzdHAyNTYAAABBBN435wFeUnt1661PG47VaBzb0IDmNEDjVp7IzjlWujqByhHZfzM6LCilgP5HLAXUPUQjOsKLZlq4vsYh9il4G8A= root@ubuntu-xenial
ssh-ed25519 AAAAC3NzaC1lZDI1NTE5AAAAIIkPxhNq+2H8ALUsWokXrw1aCt276fwsQPTiyp2WDfh1 root@ubuntu-xenial
ssh-rsa AAAAB3NzaC1yc2EAAAADAQABAAABAQDnHeltOhIIb37kJqBm384zRJ3vcRrrfus9eJgBP4Xob4M2YE30JUQDoSwNS3SD2cANlqkPQUhYENXYqs4DaH6Cf1HwAhUPOfxXS2CkvtdfIEPOp1/frbaOf/xub97/Fgu/LiZxKF91jtw/fRrejBuJbec/Gyc9uJwA/5s3ufh5Xi3XM/TxlTTKBHkgJFH+f0hg+offwv4a9Wxc/y6SdA6utPdUjbtGTNiwrCqualTc57S3UCqcdJKI6tXlCAwpS87Q1UVtw+yrh6dOAQpIKGzoSvftI9rssHUFTpNw0qNwOQZAorlzSGANSokylHZPZPCcB+VtDWa+x884SPi2fm1Z root@ubuntu-xenial
-----END SSH HOST KEY KEYS-----
[   57.154633] cloud-init[1604]: Cloud-init v. 18.5-45-g3554ffe8-0ubuntu1~16.04.1 running 'modules:final' at Mon, 20 May 2019 02:18:20 +0000. Up 57.04 seconds.
[   57.156047] cloud-init[1604]: ci-info: no authorized ssh keys fingerprints found for user ubuntu.
[   57.156962] cloud-init[1604]: Cloud-init v. 18.5-45-g3554ffe8-0ubuntu1~16.04.1 finished at Mon, 20 May 2019 02:18:21 +0000. Datasource DataSourceNoCloud [seed=/dev/sdb][dsmode=net].  Up 57.14 seconds
